# JRE version: OpenJDK Runtime Environment (23.0+37) (build 23+37-2369)
# Java VM: OpenJDK 64-Bit Server VM (23+37-2369, mixed mode, sharing, tiered, compressed oops, compressed class ptrs, g1 gc, bsd-aarch64)
GC Precious Log:
 CardTable entry size: 512
 Card Set container configuration: InlinePtr #cards 4 size 8 Array Of Cards #cards 16 size 48 Howl #buckets 8 coarsen threshold 3686 Howl Bitmap #cards 512 size 80 coarsen threshold 460 Card regions per heap region 1 cards per card region 4096
 CPUs: 8 total, 8 available
 Memory: 16384M
 Large Page Support: Disabled
 NUMA Support: Disabled
 Compressed Oops: Enabled (Zero based)
 Heap Region Size: 2M
 Heap Min Capacity: 8M
 Heap Initial Capacity: 256M
 Heap Max Capacity: 4G
 Pre-touch: Disabled
 Parallel Workers: 8
 Concurrent Workers: 2
 Concurrent Refinement Workers: 8
 Periodic GC: Disabled
Heap:
 garbage-first heap   total reserved 4194304K, committed 264192K, used 31961K [0x0000000700000000, 0x0000000800000000)
  region size 2048K, 16 young (32768K), 1 survivors (2048K)
 Metaspace       used 8290K, committed 8640K, reserved 1114112K
  class space    used 970K, committed 1152K, reserved 1048576K
GC Heap History (20 events):
Event: 10.284 GC heap before
{Heap before GC invocations=58 (full 0):
 garbage-first heap   total reserved 4194304K, committed 264192K, used 155230K [0x0000000700000000, 0x0000000800000000)
  region size 2048K, 76 young (155648K), 1 survivors (2048K)
 Metaspace       used 6771K, committed 7104K, reserved 1114112K
  class space    used 787K, committed 960K, reserved 1048576K
}
Event: 10.284 GC heap after
{Heap after GC invocations=59 (full 0):
 garbage-first heap   total reserved 4194304K, committed 264192K, used 3678K [0x0000000700000000, 0x0000000800000000)
  region size 2048K, 1 young (2048K), 1 survivors (2048K)
 Metaspace       used 6771K, committed 7104K, reserved 1114112K
  class space    used 787K, committed 960K, reserved 1048576K
}
Event: 10.464 GC heap before
{Heap before GC invocations=59 (full 0):
 garbage-first heap   total reserved 4194304K, committed 264192K, used 155230K [0x0000000700000000, 0x0000000800000000)
  region size 2048K, 76 young (155648K), 1 survivors (2048K)
 Metaspace       used 6771K, committed 7104K, reserved 1114112K
  class space    used 787K, committed 960K, reserved 1048576K
}
Event: 10.464 GC heap after
{Heap after GC invocations=60 (full 0):
 garbage-first heap   total reserved 4194304K, committed 264192K, used 3678K [0x0000000700000000, 0x0000000800000000)
  region size 2048K, 1 young (2048K), 1 survivors (2048K)
 Metaspace       used 6771K, committed 7104K, reserved 1114112K
  class space    used 787K, committed 960K, reserved 1048576K
}
Event: 10.640 GC heap before
{Heap before GC invocations=60 (full 0):
 garbage-first heap   total reserved 4194304K, committed 264192K, used 155230K [0x0000000700000000, 0x0000000800000000)
  region size 2048K, 76 young (155648K), 1 survivors (2048K)
 Metaspace       used 6771K, committed 7104K, reserved 1114112K
  class space    used 787K, committed 960K, reserved 1048576K
}
Event: 10.640 GC heap after
{Heap after GC invocations=61 (full 0):
 garbage-first heap   total reserved 4194304K, committed 264192K, used 3678K [0x0000000700000000, 0x0000000800000000)
  region size 2048K, 1 young (2048K), 1 survivors (2048K)
 Metaspace       used 6771K, committed 7104K, reserved 1114112K
  class space    used 787K, committed 960K, reserved 1048576K
}
Event: 10.816 GC heap before
{Heap before GC invocations=61 (full 0):
 garbage-first heap   total reserved 4194304K, committed 264192K, used 155230K [0x0000000700000000, 0x0000000800000000)
  region size 2048K, 76 young (155648K), 1 survivors (2048K)
 Metaspace       used 6771K, committed 7104K, reserved 1114112K
  class space    used 787K, committed 960K, reserved 1048576K
}
Event: 10.816 GC heap after
{Heap after GC invocations=62 (full 0):
 garbage-first heap   total reserved 4194304K, committed 264192K, used 3678K [0x0000000700000000, 0x0000000800000000)
  region size 2048K, 1 young (2048K), 1 survivors (2048K)
 Metaspace       used 6771K, committed 7104K, reserved 1114112K
  class space    used 787K, committed 960K, reserved 1048576K
}
Event: 10.994 GC heap before
{Heap before GC invocations=62 (full 0):
 garbage-first heap   total reserved 4194304K, committed 264192K, used 155230K [0x0000000700000000, 0x0000000800000000)
  region size 2048K, 76 young (155648K), 1 survivors (2048K)
 Metaspace       used 6784K, committed 7104K, reserved 1114112K
  class space    used 787K, committed 960K, reserved 1048576K
}
Event: 10.994 GC heap after
{Heap after GC invocations=63 (full 0):
 garbage-first heap   total reserved 4194304K, committed 264192K, used 3678K [0x0000000700000000, 0x0000000800000000)
  region size 2048K, 1 young (2048K), 1 survivors (2048K)
 Metaspace       used 6784K, committed 7104K, reserved 1114112K
  class space    used 787K, committed 960K, reserved 1048576K
}
Event: 11.239 GC heap before
{Heap before GC invocations=63 (full 0):
 garbage-first heap   total reserved 4194304K, committed 264192K, used 155230K [0x0000000700000000, 0x0000000800000000)
  region size 2048K, 76 young (155648K), 1 survivors (2048K)
 Metaspace       used 6784K, committed 7104K, reserved 1114112K
  class space    used 787K, committed 960K, reserved 1048576K
}
Event: 11.239 GC heap after
{Heap after GC invocations=64 (full 0):
 garbage-first heap   total reserved 4194304K, committed 264192K, used 3678K [0x0000000700000000, 0x0000000800000000)
  region size 2048K, 1 young (2048K), 1 survivors (2048K)
 Metaspace       used 6784K, committed 7104K, reserved 1114112K
  class space    used 787K, committed 960K, reserved 1048576K
}
Event: 11.422 GC heap before
{Heap before GC invocations=64 (full 0):
 garbage-first heap   total reserved 4194304K, committed 264192K, used 155230K [0x0000000700000000, 0x0000000800000000)
  region size 2048K, 76 young (155648K), 1 survivors (2048K)
 Metaspace       used 6784K, committed 7104K, reserved 1114112K
  class space    used 787K, committed 960K, reserved 1048576K
}
Event: 11.422 GC heap after
{Heap after GC invocations=65 (full 0):
 garbage-first heap   total reserved 4194304K, committed 264192K, used 3678K [0x0000000700000000, 0x0000000800000000)
  region size 2048K, 1 young (2048K), 1 survivors (2048K)
 Metaspace       used 6784K, committed 7104K, reserved 1114112K
  class space    used 787K, committed 960K, reserved 1048576K
}
Event: 11.605 GC heap before
{Heap before GC invocations=65 (full 0):
 garbage-first heap   total reserved 4194304K, committed 264192K, used 155230K [0x0000000700000000, 0x0000000800000000)
  region size 2048K, 76 young (155648K), 1 survivors (2048K)
 Metaspace       used 6784K, committed 7104K, reserved 1114112K
  class space    used 787K, committed 960K, reserved 1048576K
}
Event: 11.605 GC heap after
{Heap after GC invocations=66 (full 0):
 garbage-first heap   total reserved 4194304K, committed 264192K, used 3678K [0x0000000700000000, 0x0000000800000000)
  region size 2048K, 1 young (2048K), 1 survivors (2048K)
 Metaspace       used 6784K, committed 7104K, reserved 1114112K
  class space    used 787K, committed 960K, reserved 1048576K
}
Event: 11.787 GC heap before
{Heap before GC invocations=66 (full 0):
 garbage-first heap   total reserved 4194304K, committed 264192K, used 155230K [0x0000000700000000, 0x0000000800000000)
  region size 2048K, 76 young (155648K), 1 survivors (2048K)
 Metaspace       used 6784K, committed 7104K, reserved 1114112K
  class space    used 787K, committed 960K, reserved 1048576K
}
Event: 11.788 GC heap after
{Heap after GC invocations=67 (full 0):
 garbage-first heap   total reserved 4194304K, committed 264192K, used 3678K [0x0000000700000000, 0x0000000800000000)
  region size 2048K, 1 young (2048K), 1 survivors (2048K)
 Metaspace       used 6784K, committed 7104K, reserved 1114112K
  class space    used 787K, committed 960K, reserved 1048576K
}
Event: 11.961 GC heap before
{Heap before GC invocations=67 (full 0):
 garbage-first heap   total reserved 4194304K, committed 264192K, used 155230K [0x0000000700000000, 0x0000000800000000)
  region size 2048K, 76 young (155648K), 1 survivors (2048K)
 Metaspace       used 8290K, committed 8640K, reserved 1114112K
  class space    used 970K, committed 1152K, reserved 1048576K
}
Event: 11.962 GC heap after
{Heap after GC invocations=68 (full 0):
 garbage-first heap   total reserved 4194304K, committed 264192K, used 5337K [0x0000000700000000, 0x0000000800000000)
  region size 2048K, 1 young (2048K), 1 survivors (2048K)
 Metaspace       used 8290K, committed 8640K, reserved 1114112K
  class space    used 970K, committed 1152K, reserved 1048576K
}

